<?xml version="1.0" encoding="UTF-8"?>
<testng-results skipped="0" failed="3" ignored="0" total="3" passed="0">
  <reporter-output>
  </reporter-output>
  <suite name="EshopTestSuite" duration-ms="17186" started-at="2019-06-15T13:20:23Z" finished-at="2019-06-15T13:20:40Z">
    <groups>
    </groups>
    <test name="IETest" duration-ms="4649" started-at="2019-06-15T13:20:23Z" finished-at="2019-06-15T13:20:28Z">
      <class name="test.EshopHomeTest">
        <test-method status="PASS" signature="beforeClass(java.lang.String)[pri:0, instance:test.EshopHomeTest@73ad2d6]" name="beforeClass" is-config="true" duration-ms="3681" started-at="2019-06-15T13:20:23Z" finished-at="2019-06-15T13:20:27Z">
          <params>
            <param index="0">
              <value>
                <![CDATA[ie]]>
              </value>
            </param>
          </params>
          <reporter-output>
          </reporter-output>
        </test-method> <!-- beforeClass -->
        <test-method status="FAIL" signature="userSearch(java.lang.String, java.lang.String, java.lang.String, java.lang.String)[pri:1, instance:test.EshopHomeTest@73ad2d6]" name="userSearch" duration-ms="913" started-at="2019-06-15T13:20:27Z" data-provider="ExcelData" finished-at="2019-06-15T13:20:27Z">
          <exception class="org.testng.internal.reflect.MethodMatcherException">
            <message>
              <![CDATA[
Data provider mismatch
Method: userSearch([Parameter{index=0, type=java.lang.String, declaredAnnotations=[]}, Parameter{index=1, type=java.lang.String, declaredAnnotations=[]}, Parameter{index=2, type=java.lang.String, declaredAnnotations=[]}, Parameter{index=3, type=java.lang.String, declaredAnnotations=[]}])
Arguments: [(java.lang.String) https://www.vodafone.com.eg/eshop/homePage/index.jsp]]]>
            </message>
            <full-stacktrace>
              <![CDATA[org.testng.internal.reflect.MethodMatcherException: 
Data provider mismatch
Method: userSearch([Parameter{index=0, type=java.lang.String, declaredAnnotations=[]}, Parameter{index=1, type=java.lang.String, declaredAnnotations=[]}, Parameter{index=2, type=java.lang.String, declaredAnnotations=[]}, Parameter{index=3, type=java.lang.String, declaredAnnotations=[]}])
Arguments: [(java.lang.String) https://www.vodafone.com.eg/eshop/homePage/index.jsp]
at org.testng.internal.reflect.DataProviderMethodMatcher.getConformingArguments(DataProviderMethodMatcher.java:45)
at org.testng.internal.Parameters.injectParameters(Parameters.java:796)
at org.testng.internal.Invoker.invokeTestMethods(Invoker.java:982)
at org.testng.internal.TestMethodWorker.invokeTestMethods(TestMethodWorker.java:125)
at org.testng.internal.TestMethodWorker.run(TestMethodWorker.java:109)
at org.testng.TestRunner.privateRun(TestRunner.java:648)
at org.testng.TestRunner.run(TestRunner.java:505)
at org.testng.SuiteRunner.runTest(SuiteRunner.java:455)
at org.testng.SuiteRunner.access$000(SuiteRunner.java:40)
at org.testng.SuiteRunner$SuiteWorker.run(SuiteRunner.java:489)
at org.testng.internal.thread.ThreadUtil$1.call(ThreadUtil.java:52)
at java.util.concurrent.FutureTask.run(FutureTask.java:266)
at java.util.concurrent.ThreadPoolExecutor.runWorker(ThreadPoolExecutor.java:1142)
at java.util.concurrent.ThreadPoolExecutor$Worker.run(ThreadPoolExecutor.java:617)
at java.lang.Thread.run(Thread.java:745)
]]>
            </full-stacktrace>
          </exception> <!-- org.testng.internal.reflect.MethodMatcherException -->
          <reporter-output>
          </reporter-output>
        </test-method> <!-- userSearch -->
        <test-method status="PASS" signature="afterClass()[pri:0, instance:test.EshopHomeTest@73ad2d6]" name="afterClass" is-config="true" duration-ms="29" started-at="2019-06-15T13:20:27Z" finished-at="2019-06-15T13:20:28Z">
          <reporter-output>
          </reporter-output>
        </test-method> <!-- afterClass -->
      </class> <!-- test.EshopHomeTest -->
    </test> <!-- IETest -->
    <test name="ChromeTest" duration-ms="7687" started-at="2019-06-15T13:20:23Z" finished-at="2019-06-15T13:20:31Z">
      <class name="test.EshopHomeTest">
        <test-method status="PASS" signature="beforeClass(java.lang.String)[pri:0, instance:test.EshopHomeTest@3bfdc050]" name="beforeClass" is-config="true" duration-ms="7130" started-at="2019-06-15T13:20:23Z" finished-at="2019-06-15T13:20:30Z">
          <params>
            <param index="0">
              <value>
                <![CDATA[Chrome]]>
              </value>
            </param>
          </params>
          <reporter-output>
          </reporter-output>
        </test-method> <!-- beforeClass -->
        <test-method status="FAIL" signature="userSearch(java.lang.String, java.lang.String, java.lang.String, java.lang.String)[pri:1, instance:test.EshopHomeTest@3bfdc050]" name="userSearch" duration-ms="57" started-at="2019-06-15T13:20:30Z" data-provider="ExcelData" finished-at="2019-06-15T13:20:30Z">
          <exception class="org.testng.internal.reflect.MethodMatcherException">
            <message>
              <![CDATA[
Data provider mismatch
Method: userSearch([Parameter{index=0, type=java.lang.String, declaredAnnotations=[]}, Parameter{index=1, type=java.lang.String, declaredAnnotations=[]}, Parameter{index=2, type=java.lang.String, declaredAnnotations=[]}, Parameter{index=3, type=java.lang.String, declaredAnnotations=[]}])
Arguments: [(java.lang.String) https://www.vodafone.com.eg/eshop/homePage/index.jsp]]]>
            </message>
            <full-stacktrace>
              <![CDATA[org.testng.internal.reflect.MethodMatcherException: 
Data provider mismatch
Method: userSearch([Parameter{index=0, type=java.lang.String, declaredAnnotations=[]}, Parameter{index=1, type=java.lang.String, declaredAnnotations=[]}, Parameter{index=2, type=java.lang.String, declaredAnnotations=[]}, Parameter{index=3, type=java.lang.String, declaredAnnotations=[]}])
Arguments: [(java.lang.String) https://www.vodafone.com.eg/eshop/homePage/index.jsp]
at org.testng.internal.reflect.DataProviderMethodMatcher.getConformingArguments(DataProviderMethodMatcher.java:45)
at org.testng.internal.Parameters.injectParameters(Parameters.java:796)
at org.testng.internal.Invoker.invokeTestMethods(Invoker.java:982)
at org.testng.internal.TestMethodWorker.invokeTestMethods(TestMethodWorker.java:125)
at org.testng.internal.TestMethodWorker.run(TestMethodWorker.java:109)
at org.testng.TestRunner.privateRun(TestRunner.java:648)
at org.testng.TestRunner.run(TestRunner.java:505)
at org.testng.SuiteRunner.runTest(SuiteRunner.java:455)
at org.testng.SuiteRunner.access$000(SuiteRunner.java:40)
at org.testng.SuiteRunner$SuiteWorker.run(SuiteRunner.java:489)
at org.testng.internal.thread.ThreadUtil$1.call(ThreadUtil.java:52)
at java.util.concurrent.FutureTask.run(FutureTask.java:266)
at java.util.concurrent.ThreadPoolExecutor.runWorker(ThreadPoolExecutor.java:1142)
at java.util.concurrent.ThreadPoolExecutor$Worker.run(ThreadPoolExecutor.java:617)
at java.lang.Thread.run(Thread.java:745)
]]>
            </full-stacktrace>
          </exception> <!-- org.testng.internal.reflect.MethodMatcherException -->
          <reporter-output>
          </reporter-output>
        </test-method> <!-- userSearch -->
        <test-method status="PASS" signature="afterClass()[pri:0, instance:test.EshopHomeTest@3bfdc050]" name="afterClass" is-config="true" duration-ms="453" started-at="2019-06-15T13:20:30Z" finished-at="2019-06-15T13:20:31Z">
          <reporter-output>
          </reporter-output>
        </test-method> <!-- afterClass -->
      </class> <!-- test.EshopHomeTest -->
    </test> <!-- ChromeTest -->
    <test name="FirefoxTest" duration-ms="17186" started-at="2019-06-15T13:20:23Z" finished-at="2019-06-15T13:20:40Z">
      <class name="test.EshopHomeTest">
        <test-method status="PASS" signature="beforeClass(java.lang.String)[pri:0, instance:test.EshopHomeTest@42dafa95]" name="beforeClass" is-config="true" duration-ms="13495" started-at="2019-06-15T13:20:23Z" finished-at="2019-06-15T13:20:36Z">
          <params>
            <param index="0">
              <value>
                <![CDATA[Firefox]]>
              </value>
            </param>
          </params>
          <reporter-output>
          </reporter-output>
        </test-method> <!-- beforeClass -->
        <test-method status="FAIL" signature="userSearch(java.lang.String, java.lang.String, java.lang.String, java.lang.String)[pri:1, instance:test.EshopHomeTest@42dafa95]" name="userSearch" duration-ms="58" started-at="2019-06-15T13:20:36Z" data-provider="ExcelData" finished-at="2019-06-15T13:20:36Z">
          <exception class="org.testng.internal.reflect.MethodMatcherException">
            <message>
              <![CDATA[
Data provider mismatch
Method: userSearch([Parameter{index=0, type=java.lang.String, declaredAnnotations=[]}, Parameter{index=1, type=java.lang.String, declaredAnnotations=[]}, Parameter{index=2, type=java.lang.String, declaredAnnotations=[]}, Parameter{index=3, type=java.lang.String, declaredAnnotations=[]}])
Arguments: [(java.lang.String) https://www.vodafone.com.eg/eshop/homePage/index.jsp]]]>
            </message>
            <full-stacktrace>
              <![CDATA[org.testng.internal.reflect.MethodMatcherException: 
Data provider mismatch
Method: userSearch([Parameter{index=0, type=java.lang.String, declaredAnnotations=[]}, Parameter{index=1, type=java.lang.String, declaredAnnotations=[]}, Parameter{index=2, type=java.lang.String, declaredAnnotations=[]}, Parameter{index=3, type=java.lang.String, declaredAnnotations=[]}])
Arguments: [(java.lang.String) https://www.vodafone.com.eg/eshop/homePage/index.jsp]
at org.testng.internal.reflect.DataProviderMethodMatcher.getConformingArguments(DataProviderMethodMatcher.java:45)
at org.testng.internal.Parameters.injectParameters(Parameters.java:796)
at org.testng.internal.Invoker.invokeTestMethods(Invoker.java:982)
at org.testng.internal.TestMethodWorker.invokeTestMethods(TestMethodWorker.java:125)
at org.testng.internal.TestMethodWorker.run(TestMethodWorker.java:109)
at org.testng.TestRunner.privateRun(TestRunner.java:648)
at org.testng.TestRunner.run(TestRunner.java:505)
at org.testng.SuiteRunner.runTest(SuiteRunner.java:455)
at org.testng.SuiteRunner.access$000(SuiteRunner.java:40)
at org.testng.SuiteRunner$SuiteWorker.run(SuiteRunner.java:489)
at org.testng.internal.thread.ThreadUtil$1.call(ThreadUtil.java:52)
at java.util.concurrent.FutureTask.run(FutureTask.java:266)
at java.util.concurrent.ThreadPoolExecutor.runWorker(ThreadPoolExecutor.java:1142)
at java.util.concurrent.ThreadPoolExecutor$Worker.run(ThreadPoolExecutor.java:617)
at java.lang.Thread.run(Thread.java:745)
]]>
            </full-stacktrace>
          </exception> <!-- org.testng.internal.reflect.MethodMatcherException -->
          <reporter-output>
          </reporter-output>
        </test-method> <!-- userSearch -->
        <test-method status="PASS" signature="afterClass()[pri:0, instance:test.EshopHomeTest@42dafa95]" name="afterClass" is-config="true" duration-ms="3598" started-at="2019-06-15T13:20:36Z" finished-at="2019-06-15T13:20:40Z">
          <reporter-output>
          </reporter-output>
        </test-method> <!-- afterClass -->
      </class> <!-- test.EshopHomeTest -->
    </test> <!-- FirefoxTest -->
  </suite> <!-- EshopTestSuite -->
</testng-results>
